Enter the details of the image
Height : Width : Enter the left top corner x : Enter the left top corner y : Enter the widht of the rectangle : Enter the height of the rectangle : 
..............................
..............................
..............................
..............................
..1234567.....................
..2     8.....................
..3 3  37.....................
..4 3  36.....................
..5     5.....................
..6 3  34.....................
..7 3  33.....................
..8     2.....................
..9234567.....................
..............................
..............................
..............................
..............................
..............................
..............................
..............................
..............................
..............................
..............................
..............................
..............................
..............................
..............................
..............................
..............................
..............................

