Enter the details of the image
Height : Width : Enter the left top corner x : Enter the left top corner y : Enter the widht of the rectangle : Enter the height of the rectangle : Enter the center x : Enter the center y : Enter the length :                               
                              
                              
                              
                              
  +---------------------+     
  |+----+               |     
  ||GGGG|               |     
  ||GGGG|               |     
  ||GGGG|               |     
  ||GGGG|               |     
  ||GGGG|               |     
  ||GGGG|               |     
  |+----+               |     
  |                     |     
  |                     |     
  |                     |     
  |                     |     
  |                     |     
  |                  x  |     
  |                 /P\ |     
  |                /PPP\|     
  |                 \P/ |     
  |                  x  |     
  +---------------------+     
                              
                              
                              
                              
                              

