Case #1:
Impossible
Case #2:
c.
..
Case #3:
c
.
.
*
*
Case #4:
Impossible
Case #5:
c
.
.
.
Case #6:
c.**
..**
****
****
****
Case #7:
c.**
..**
****
Case #8:
c...
Case #9:
c..
...
...
..*
Case #10:
Impossible
Case #11:
c.
..
**
**
**
Case #12:
c...
....
....
....
...*
Case #13:
c.
..
..
Case #14:
c.
..
..
..
**
Case #15:
Impossible
Case #16:
c.
..
**
**
Case #17:
c
.
*
Case #18:
c....
.....
.....
.....
.****
Case #19:
c.
..
**
Case #20:
Impossible
Case #21:
c..
...
***
***
Case #22:
Impossible
Case #23:
c..
...
.**
Case #24:
c.*
Case #25:
c....
.....
.....
...**
*****
Case #26:
c....
.....
.....
*****
Case #27:
c....
.....
.....
.****
*****
Case #28:
c..
..*
***
***
***
Case #29:
c..
...
...
.**
***
Case #30:
Impossible
Case #31:
Impossible
Case #32:
Impossible
Case #33:
c.
..
.*
**
Case #34:
c..
..*
Case #35:
c..
...
.**
***
***
Case #36:
Impossible
Case #37:
c
.
.
.
.
Case #38:
c....
.....
..***
*****
*****
Case #39:
c....
.....
.....
....*
Case #40:
Impossible
Case #41:
Impossible
Case #42:
c..
Case #43:
Impossible
Case #44:
c..
...
...
***
Case #45:
c...*
....*
*****
*****
*****
Case #46:
c
.
.
.
*
Case #47:
Impossible
Case #48:
c....
.....
.....
..***
*****
Case #49:
c...
....
....
....
Case #50:
c.
..
..
..
Case #51:
c..
...
...
..*
***
Case #52:
c..
...
...
...
.**
Case #53:
Impossible
Case #54:
c...
...*
****
****
****
Case #55:
c
.
*
*
*
Case #56:
c...
...*
****
Case #57:
c....
.....
....*
*****
Case #58:
c..
...
...
...
Case #59:
Impossible
Case #60:
c.**
Case #61:
c...
....
****
****
Case #62:
c....
.....
...**
Case #63:
c.***
Case #64:
c...
....
.***
****
****
Case #65:
Impossible
Case #66:
c..*
..**
****
Case #67:
c...
....
...*
Case #68:
c....
.....
.....
.....
Case #69:
Impossible
Case #70:
c...
....
.***
Case #71:
Impossible
Case #72:
c..**
...**
Case #73:
c...
...*
****
****
Case #74:
c....
.....
...**
*****
*****
Case #75:
c....
.....
*****
*****
*****
Case #76:
c..
...
...
***
***
Case #77:
Impossible
Case #78:
Impossible
Case #79:
c..
...
***
Case #80:
c..*
...*
****
****
Case #81:
c
.
Case #82:
c...*
...**
Case #83:
c....
....*
*****
*****
Case #84:
c...
....
....
.***
****
Case #85:
c.*
..*
***
***
Case #86:
c..**
...**
*****
Case #87:
Impossible
Case #88:
c....
.....
...**
*****
Case #89:
Impossible
Case #90:
c..**
..***
*****
Case #91:
c...
....
....
....
****
Case #92:
c....
.....
..***
Case #93:
c.***
..***
*****
*****
*****
Case #94:
Impossible
Case #95:
c
.
*
*
Case #96:
c.**
..**
Case #97:
c
Case #98:
Impossible
Case #99:
c....
.....
.....
.****
Case #100:
c...*
....*
Case #101:
c...
....
.***
****
Case #102:
c..**
..***
Case #103:
c....
.....
.....
...**
Case #104:
c...
....
....
****
Case #105:
c....
.....
..***
*****
Case #106:
Impossible
Case #107:
c....
.....
*****
Case #108:
c.*
..*
***
***
***
Case #109:
c..*
...*
****
****
****
Case #110:
c...
....
..**
****
****
Case #111:
c....
.....
.....
*****
*****
Case #112:
c..
..*
***
Case #113:
c..
...
...
...
..*
Case #114:
c..*
..**
****
****
Case #115:
c..
..*
***
***
Case #116:
c...
....
****
****
****
Case #117:
Impossible
Case #118:
Impossible
Case #119:
c....
.....
.....
.....
.....
Case #120:
c..**
...**
*****
*****
*****
Case #121:
Impossible
Case #122:
c....
....*
*****
Case #123:
c...*
...**
*****
*****
Case #124:
c...
....
Case #125:
c.
..
..
.*
**
Case #126:
c....
.....
....*
Case #127:
Impossible
Case #128:
c..
...
...
...
***
Case #129:
c..*
Case #130:
c..
...
..*
***
Case #131:
c....
.....
.....
.....
..***
Case #132:
c..
...
..*
***
***
Case #133:
Impossible
Case #134:
c...
....
...*
****
Case #135:
c.
..
..
..
.*
Case #136:
c....
Case #137:
c..*
...*
Case #138:
c....
....*
Case #139:
Impossible
Case #140:
c
.
.
Case #141:
Impossible
Case #142:
Impossible
Case #143:
c....
.....
.****
Case #144:
Impossible
Case #145:
c.**
..**
****
****
Case #146:
c.
..
..
..
..
Case #147:
c...
....
..**
Case #148:
c...
....
....
....
.***
Case #149:
c.*
..*
Case #150:
c...
....
....
...*
****
Case #151:
c.***
..***
Case #152:
c..
...
***
***
***
Case #153:
Impossible
Case #154:
c...
....
...*
****
****
Case #155:
c...
....
..**
****
Case #156:
c..*
..**
****
****
****
Case #157:
Impossible
Case #158:
c..
...
...
.**
Case #159:
Impossible
Case #160:
c...*
...**
*****
Case #161:
Impossible
Case #162:
c....
.....
.....
Case #163:
Impossible
Case #164:
c
.
.
*
Case #165:
Impossible
Case #166:
Impossible
Case #167:
c...*
....*
*****
*****
Case #168:
c..**
...**
*****
*****
Case #169:
c...
....
....
....
....
Case #170:
c..
...
..*
Case #171:
Impossible
Case #172:
c...
....
....
..**
Case #173:
Impossible
Case #174:
c..*
..**
Case #175:
c....
.....
.****
*****
Case #176:
Impossible
Case #177:
Impossible
Case #178:
c..
...
...
Case #179:
c....
....*
*****
*****
*****
Case #180:
c....
.....
....*
*****
*****
Case #181:
Impossible
Case #182:
c.
Case #183:
Impossible
Case #184:
c....
.....
.****
*****
*****
Case #185:
c.***
..***
*****
*****
Case #186:
c...
....
....
..**
****
Case #187:
c.
..
..
.*
Case #188:
c....
.....
Case #189:
c....
.....
.....
..***
Case #190:
c....
.....
.....
.....
....*
Case #191:
c....
.....
.....
....*
*****
Case #192:
c..**
..***
*****
*****
Case #193:
c..**
..***
*****
*****
*****
Case #194:
Impossible
Case #195:
c..*
...*
****
Case #196:
c...
...*
Case #197:
Impossible
Case #198:
c..
...
Case #199:
Impossible
Case #200:
c.
..
..
**
**
Case #201:
c....
.....
.....
.....
*****
Case #202:
c.***
..***
*****
Case #203:
Impossible
Case #204:
Impossible
Case #205:
Impossible
Case #206:
c...
....
....
....
..**
Case #207:
Impossible
Case #208:
c.*
..*
***
Case #209:
c.
..
.*
**
**
Case #210:
c...
....
....
Case #211:
c....
.....
*****
*****
Case #212:
c...*
...**
*****
*****
*****
Case #213:
c..**
Case #214:
c....
.....
.....
.....
...**
Case #215:
c...*
....*
*****
Case #216:
c..
...
.**
***
Case #217:
c...
....
....
...*
Case #218:
c...
....
....
****
****
Case #219:
c...
....
....
.***
Case #220:
c.
..
..
**
Case #221:
Impossible
Case #222:
c...*
Case #223:
c..
...
...
...
...
Case #224:
c...
....
****
Case #225:
c.
..
.*
